Configuring tagged-0.8.5...
Building tagged-0.8.5...
Preprocessing library tagged-0.8.5...
[1 of 2] Compiling Data.Tagged      ( src/Data/Tagged.hs, .stack-work/dist/x86_64-osx/Cabal-1.24.2.0/build/Data/Tagged.o )
[2 of 2] Compiling Data.Proxy.TH    ( src/Data/Proxy/TH.hs, .stack-work/dist/x86_64-osx/Cabal-1.24.2.0/build/Data/Proxy/TH.o )
Running Haddock for tagged-0.8.5...
Preprocessing library tagged-0.8.5...
Haddock coverage:
  93% ( 14 / 15) in 'Data.Tagged'
  Missing documentation for:
    witness (src/Data/Tagged.hs:451)
  67% (  2 /  3) in 'Data.Proxy.TH'
  Missing documentation for:
    Module header
Warning: Data.Tagged: could not find link destinations for:
    unsafeIndex unsafeRangeSize
Documentation created:
.stack-work/dist/x86_64-osx/Cabal-1.24.2.0/doc/html/tagged/index.html,
.stack-work/dist/x86_64-osx/Cabal-1.24.2.0/doc/html/tagged/tagged.txt
Installing library in
/Users/doisinkidney/.stack/snapshots/x86_64-osx/lts-9.6/8.0.2/lib/x86_64-osx-ghc-8.0.2/tagged-0.8.5-1mTloBSoUxv8dqUr8XBGBt
Registering tagged-0.8.5...
